<?xml version="1.0" encoding="utf-8"?><testsuites name="pytest tests"><testsuite name="pytest" errors="0" failures="0" skipped="0" tests="11" time="9.395" timestamp="2026-09-05T16:37:22.873253+00:00" hostname="agent-env-f42e8a1c-4b5c-4f88-a89a-ab5f5c59bdef"><testcase classname="tests.test_iteration3.TestEditReceipt" name="test_edit_receipt_amount_adjusts_balance" time="1.461" /><testcase classname="tests.test_iteration3.TestEditSale" name="test_edit_sale_adjusts_balance" time="1.332" /><testcase classname="tests.test_iteration3.TestEditSale" name="test_edit_sale_credit_limit_exceeded" time="1.047" /><testcase classname="tests.test_iteration3.TestEditReceipt" name="test_edit_receipt_audit_log" time="0.577" /><testcase classname="tests.test_iteration3.TestEditReceipt" name="test_edit_receipt_description_only" time="0.613" /><testcase classname="tests.test_iteration3.TestEditSale" name="test_edit_cancelled_sale_400" time="0.602" /><testcase classname="tests.test_iteration3.TestBlockedList" name="test_requires_auth" time="0.126" /><testcase classname="tests.test_iteration3.TestBlockedList" name="test_lists_active_and_excludes_expired" time="0.747" /><testcase classname="tests.test_iteration3.TestEditSale" name="test_edit_sale_notes_only" time="2.854" /><testcase classname="tests.test_iteration3.TestRegressionUnblock" name="test_unblock_resets_failed_and_blocked_until" time="2.740" /><testcase classname="tests.test_iteration3.TestRegressionUnblock" name="test_expired_block_allows_login" time="0.161" /></testsuite></testsuites>