<?xml version="1.0" encoding="utf-8"?><testsuites name="pytest tests"><testsuite name="pytest" errors="0" failures="0" skipped="0" tests="46" time="8.135" timestamp="2026-09-05T14:55:19.665160+00:00" hostname="agent-env-f42e8a1c-4b5c-4f88-a89a-ab5f5c59bdef"><testcase classname="tests.backend_test.TestPublic" name="test_public_login_not_found_logs" time="1.112" /><testcase classname="tests.backend_test.TestOther" name="test_stock" time="1.034" /><testcase classname="tests.backend_test.TestOther" name="test_suppliers_crud" time="0.462" /><testcase classname="tests.backend_test.TestPublic" name="test_public_order_over_limit_logs" time="0.899" /><testcase classname="tests.backend_test.TestOther" name="test_receipt_updates_ledger" time="0.419" /><testcase classname="tests.backend_test.TestOther" name="test_audit" time="0.072" /><testcase classname="tests.backend_test.TestOther" name="test_reports_electronic_sales" time="0.068" /><testcase classname="tests.backend_test.TestPublic" name="test_public_order_success" time="0.540" /><testcase classname="tests.backend_test.TestOther" name="test_reports_card_order_log" time="0.097" /><testcase classname="tests.backend_test.TestAuth" name="test_login_success" time="0.354" /><testcase classname="tests.backend_test.TestAuth" name="test_login_bad_password" time="0.330" /><testcase classname="tests.backend_test.TestPublic" name="test_register_request" time="0.294" /><testcase classname="tests.backend_test.TestAuth" name="test_me" time="0.084" /><testcase classname="tests.backend_test.TestAuth" name="test_me_no_token" time="0.100" /><testcase classname="tests.backend_test.TestPublic" name="test_forgot_password" time="0.238" /><testcase classname="tests.backend_test.TestCustomers" name="test_create_and_list" time="0.085" /><testcase classname="tests.backend_test.TestPublic" name="test_forgot_password_missing" time="0.082" /><testcase classname="tests.backend_test.TestCustomers" name="test_admin_reset_customer_password" time="0.306" /><testcase classname="tests.backend_test.TestPublic" name="test_change_password_flow" time="0.425" /><testcase classname="tests.backend_test.TestCustomers" name="test_admin_reset_short_pwd" time="0.130" /><testcase classname="tests.backend_test.TestCategories" name="test_list" time="0.082" /><testcase classname="tests.backend_test.TestCards" name="test_add_numbers_dedup_invalid" time="0.188" /><testcase classname="tests.backend_test.TestCategories" name="test_update" time="0.114" /><testcase classname="tests.backend_test.TestCards" name="test_add_quantity" time="0.112" /><testcase classname="tests.backend_test.TestCategories" name="test_delete_unused" time="0.155" /><testcase classname="tests.backend_test.TestCards" name="test_edit_and_delete_card" time="0.321" /><testcase classname="tests.backend_test.TestSales" name="test_sale_with_numbered_and_balance" time="0.601" /><testcase classname="tests.test_new_features.TestRegisterRequests" name="test_full_flow_approve" time="0.686" /><testcase classname="tests.backend_test.TestSales" name="test_credit_limit_rejection" time="0.229" /><testcase classname="tests.backend_test.TestSales" name="test_idempotency" time="0.249" /><testcase classname="tests.test_new_features.TestRegisterRequests" name="test_approve_duplicate_phone" time="0.313" /><testcase classname="tests.test_new_features.TestRegisterRequests" name="test_reject" time="0.679" /><testcase classname="tests.test_new_features.TestResetDataGuardrails" name="test_reset_wrong_credentials_401" time="0.800" /><testcase classname="tests.test_new_features.TestResetDataGuardrails" name="test_reset_no_confirm_400" time="0.090" /><testcase classname="tests.test_new_features.TestRateLimit" name="test_5_failures_block_and_unblock" time="0.947" /><testcase classname="tests.test_new_features.TestResetDataGuardrails" name="test_reset_no_auth" time="0.081" /><testcase classname="tests.test_new_features.TestCustomerTypeAndPwdReveal" name="test_create_pos_and_reveal" time="0.306" /><testcase classname="tests.test_new_features.TestCustomerTypeAndPwdReveal" name="test_pwd_reveal_requires_auth" time="0.127" /><testcase classname="tests.test_new_features.TestCategoriesNew" name="test_create_with_dual_pricing_and_low_stock" time="0.095" /><testcase classname="tests.test_new_features.TestPurchasesNumbered" name="test_use_numbered_creates_available_cards_no_stock_bump" time="0.734" /><testcase classname="tests.test_new_features.TestRateLimit" name="test_unblock_requires_auth" time="0.073" /><testcase classname="tests.test_new_features.TestBackup" name="test_export" time="0.097" /><testcase classname="tests.test_new_features.TestBackup" name="test_restore_creates_snapshot" time="0.408" /><testcase classname="tests.test_new_features.TestDashboardExt" name="test_dashboard_includes_pending" time="0.121" /><testcase classname="tests.test_new_features.TestRegressionIdempotency" name="test_sales_idempotency_key" time="0.396" /><testcase classname="tests.test_new_features.TestChangePwdNotification" name="test_change_pwd_notification" time="0.270" /></testsuite></testsuites>