<?xml version="1.0" encoding="utf-8"?><testsuites name="pytest tests"><testsuite name="pytest" errors="0" failures="0" skipped="0" tests="67" time="26.942" timestamp="2026-09-05T17:53:08.030760+00:00" hostname="agent-env-f42e8a1c-4b5c-4f88-a89a-ab5f5c59bdef"><testcase classname="tests.backend_test.TestAuth" name="test_login_success" time="0.362" /><testcase classname="tests.backend_test.TestAuth" name="test_login_bad_password" time="0.300" /><testcase classname="tests.backend_test.TestAuth" name="test_me" time="0.371" /><testcase classname="tests.backend_test.TestAuth" name="test_me_no_token" time="0.067" /><testcase classname="tests.backend_test.TestCustomers" name="test_create_and_list" time="0.153" /><testcase classname="tests.backend_test.TestCustomers" name="test_admin_reset_customer_password" time="0.242" /><testcase classname="tests.backend_test.TestCustomers" name="test_admin_reset_short_pwd" time="0.066" /><testcase classname="tests.backend_test.TestCategories" name="test_list" time="0.067" /><testcase classname="tests.backend_test.TestCategories" name="test_update" time="0.144" /><testcase classname="tests.backend_test.TestCategories" name="test_delete_unused" time="0.125" /><testcase classname="tests.backend_test.TestCards" name="test_add_numbers_dedup_invalid" time="0.098" /><testcase classname="tests.backend_test.TestCards" name="test_add_quantity" time="0.103" /><testcase classname="tests.backend_test.TestCards" name="test_edit_and_delete_card" time="0.303" /><testcase classname="tests.backend_test.TestSales" name="test_sale_with_numbered_and_balance" time="0.296" /><testcase classname="tests.backend_test.TestSales" name="test_credit_limit_rejection" time="0.225" /><testcase classname="tests.backend_test.TestSales" name="test_idempotency" time="0.216" /><testcase classname="tests.backend_test.TestPublic" name="test_public_login_not_found_logs" time="0.432" /><testcase classname="tests.backend_test.TestPublic" name="test_public_order_over_limit_logs" time="0.313" /><testcase classname="tests.backend_test.TestPublic" name="test_public_order_success" time="0.268" /><testcase classname="tests.backend_test.TestPublic" name="test_register_request" time="0.065" /><testcase classname="tests.backend_test.TestPublic" name="test_forgot_password" time="0.066" /><testcase classname="tests.backend_test.TestPublic" name="test_forgot_password_missing" time="0.071" /><testcase classname="tests.backend_test.TestPublic" name="test_change_password_flow" time="0.272" /><testcase classname="tests.backend_test.TestOther" name="test_stock" time="0.161" /><testcase classname="tests.backend_test.TestOther" name="test_suppliers_crud" time="0.221" /><testcase classname="tests.backend_test.TestOther" name="test_receipt_updates_ledger" time="0.270" /><testcase classname="tests.backend_test.TestOther" name="test_audit" time="0.086" /><testcase classname="tests.backend_test.TestOther" name="test_reports_electronic_sales" time="0.066" /><testcase classname="tests.backend_test.TestOther" name="test_reports_card_order_log" time="0.067" /><testcase classname="tests.test_iteration3.TestEditSale" name="test_edit_sale_adjusts_balance" time="0.955" /><testcase classname="tests.test_iteration3.TestEditSale" name="test_edit_sale_credit_limit_exceeded" time="0.801" /><testcase classname="tests.test_iteration3.TestEditSale" name="test_edit_cancelled_sale_400" time="0.387" /><testcase classname="tests.test_iteration3.TestEditSale" name="test_edit_sale_notes_only" time="0.569" /><testcase classname="tests.test_iteration3.TestEditReceipt" name="test_edit_receipt_amount_adjusts_balance" time="0.768" /><testcase classname="tests.test_iteration3.TestEditReceipt" name="test_edit_receipt_audit_log" time="0.574" /><testcase classname="tests.test_iteration3.TestEditReceipt" name="test_edit_receipt_description_only" time="0.686" /><testcase classname="tests.test_iteration3.TestBlockedList" name="test_requires_auth" time="0.063" /><testcase classname="tests.test_iteration3.TestBlockedList" name="test_lists_active_and_excludes_expired" time="2.716" /><testcase classname="tests.test_iteration3.TestRegressionUnblock" name="test_unblock_resets_failed_and_blocked_until" time="0.601" /><testcase classname="tests.test_iteration3.TestRegressionUnblock" name="test_expired_block_allows_login" time="0.210" /><testcase classname="tests.test_iteration4.TestPublicLoginNonExistentRateLimit" name="test_five_wrong_attempts_on_nonexistent_phone_returns_429_on_sixth" time="0.407" /><testcase classname="tests.test_iteration4.TestPublicLoginNonExistentRateLimit" name="test_valid_phone_still_returns_401_and_increments" time="0.650" /><testcase classname="tests.test_iteration4.TestSalesValidations" name="test_sales_without_customer_id_returns_400" time="0.130" /><testcase classname="tests.test_iteration4.TestSalesValidations" name="test_sales_with_missing_sale_type_returns_400" time="0.249" /><testcase classname="tests.test_iteration4.TestSalesValidations" name="test_sales_with_invalid_sale_type_returns_400" time="0.197" /><testcase classname="tests.test_iteration4.TestSalesValidations" name="test_sales_cash_valid_still_creates" time="0.317" /><testcase classname="tests.test_iteration4.TestEditPurchase" name="test_edit_purchase_adjusts_supplier_balance" time="0.467" /><testcase classname="tests.test_iteration4.TestEditPurchase" name="test_edit_purchase_with_discount" time="0.365" /><testcase classname="tests.test_iteration4.TestEditPurchase" name="test_edit_cancelled_purchase_returns_400" time="0.340" /><testcase classname="tests.test_iteration4.TestEditPurchase" name="test_edit_purchase_without_edit_ops_returns_403" time="0.864" /><testcase classname="tests.test_new_features.TestRateLimit" name="test_5_failures_block_and_unblock" time="0.967" /><testcase classname="tests.test_new_features.TestRateLimit" name="test_unblock_requires_auth" time="0.078" /><testcase classname="tests.test_new_features.TestRegisterRequests" name="test_full_flow_approve" time="0.247" /><testcase classname="tests.test_new_features.TestRegisterRequests" name="test_approve_duplicate_phone" time="0.285" /><testcase classname="tests.test_new_features.TestRegisterRequests" name="test_reject" time="0.272" /><testcase classname="tests.test_new_features.TestCustomerTypeAndPwdReveal" name="test_create_pos_and_reveal" time="0.220" /><testcase classname="tests.test_new_features.TestCustomerTypeAndPwdReveal" name="test_pwd_reveal_requires_auth" time="0.059" /><testcase classname="tests.test_new_features.TestCategoriesNew" name="test_create_with_dual_pricing_and_low_stock" time="0.066" /><testcase classname="tests.test_new_features.TestPurchasesNumbered" name="test_use_numbered_creates_available_cards_no_stock_bump" time="0.842" /><testcase classname="tests.test_new_features.TestBackup" name="test_export" time="0.156" /><testcase classname="tests.test_new_features.TestBackup" name="test_restore_creates_snapshot" time="3.519" /><testcase classname="tests.test_new_features.TestResetDataGuardrails" name="test_reset_wrong_credentials_401" time="0.321" /><testcase classname="tests.test_new_features.TestResetDataGuardrails" name="test_reset_no_confirm_400" time="0.068" /><testcase classname="tests.test_new_features.TestResetDataGuardrails" name="test_reset_no_auth" time="1.109" /><testcase classname="tests.test_new_features.TestDashboardExt" name="test_dashboard_includes_pending" time="0.169" /><testcase classname="tests.test_new_features.TestChangePwdNotification" name="test_change_pwd_notification" time="0.201" /><testcase classname="tests.test_new_features.TestRegressionIdempotency" name="test_sales_idempotency_key" time="0.368" /></testsuite></testsuites>