<?xml version="1.0" encoding="utf-8"?><testsuites name="pytest tests"><testsuite name="pytest" errors="0" failures="0" skipped="0" tests="7" time="6.301" timestamp="2026-09-05T18:38:42.562110+00:00" hostname="agent-env-f42e8a1c-4b5c-4f88-a89a-ab5f5c59bdef"><testcase classname="tests.test_public_order_auth" name="test_admin_login_works" time="1.878" /><testcase classname="tests.test_public_order_auth" name="test_admin_api_requires_auth" time="0.489" /><testcase classname="tests.test_public_order_auth" name="test_public_login_success" time="0.522" /><testcase classname="tests.test_public_order_auth" name="test_public_login_wrong_password_401" time="0.484" /><testcase classname="tests.test_public_order_auth" name="test_public_login_not_found_404" time="0.510" /><testcase classname="tests.test_public_order_auth" name="test_customer_blocked_after_5_failures" time="1.098" /><testcase classname="tests.test_public_order_auth" name="test_unknown_phone_blocked_after_5_failures" time="0.956" /></testsuite></testsuites>