<?xml version="1.0" encoding="utf-8"?><testsuites name="pytest tests"><testsuite name="pytest" errors="0" failures="1" skipped="0" tests="57" time="13.390" timestamp="2026-09-05T16:37:40.524448+00:00" hostname="agent-env-f42e8a1c-4b5c-4f88-a89a-ab5f5c59bdef"><testcase classname="tests.backend_test.TestPublic" name="test_public_login_not_found_logs" time="0.688" /><testcase classname="tests.backend_test.TestOther" name="test_stock" time="0.659" /><testcase classname="tests.backend_test.TestOther" name="test_suppliers_crud" time="0.413" /><testcase classname="tests.backend_test.TestPublic" name="test_public_order_over_limit_logs" time="0.804" /><testcase classname="tests.backend_test.TestOther" name="test_receipt_updates_ledger" time="0.267" /><testcase classname="tests.backend_test.TestOther" name="test_audit" time="2.890" /><testcase classname="tests.backend_test.TestPublic" name="test_public_order_success" time="0.318" /><testcase classname="tests.backend_test.TestPublic" name="test_register_request" time="0.077" /><testcase classname="tests.backend_test.TestPublic" name="test_forgot_password" time="0.177" /><testcase classname="tests.backend_test.TestPublic" name="test_forgot_password_missing" time="0.067" /><testcase classname="tests.backend_test.TestPublic" name="test_change_password_flow" time="0.322" /><testcase classname="tests.backend_test.TestAuth" name="test_login_success" time="0.289" /><testcase classname="tests.backend_test.TestAuth" name="test_login_bad_password" time="0.290" /><testcase classname="tests.backend_test.TestAuth" name="test_me" time="0.070" /><testcase classname="tests.backend_test.TestAuth" name="test_me_no_token" time="0.088" /><testcase classname="tests.test_iteration3.TestEditSale" name="test_edit_sale_adjusts_balance" time="0.949" /><testcase classname="tests.test_iteration3.TestEditSale" name="test_edit_sale_credit_limit_exceeded" time="0.912" /><testcase classname="tests.backend_test.TestOther" name="test_reports_electronic_sales" time="0.069" /><testcase classname="tests.backend_test.TestOther" name="test_reports_card_order_log" time="0.070" /><testcase classname="tests.backend_test.TestCustomers" name="test_create_and_list" time="0.066" /><testcase classname="tests.backend_test.TestCustomers" name="test_admin_reset_customer_password" time="0.259" /><testcase classname="tests.backend_test.TestCustomers" name="test_admin_reset_short_pwd" time="0.551" /><testcase classname="tests.test_iteration3.TestEditSale" name="test_edit_cancelled_sale_400" time="0.498" /><testcase classname="tests.backend_test.TestCategories" name="test_list" time="0.097" /><testcase classname="tests.backend_test.TestCategories" name="test_update" time="0.205" /><testcase classname="tests.backend_test.TestCategories" name="test_delete_unused" time="0.142" /><testcase classname="tests.test_iteration3.TestEditSale" name="test_edit_sale_notes_only" time="0.607" /><testcase classname="tests.backend_test.TestSales" name="test_sale_with_numbered_and_balance" time="0.297"><failure message="assert 150.0 &gt;= 200">backend/tests/backend_test.py:211: in test_sale_with_numbered_and_balance
    assert found["balance"] &gt;= 200
E   assert 150.0 &gt;= 200</failure></testcase><testcase classname="tests.backend_test.TestSales" name="test_credit_limit_rejection" time="0.213" /><testcase classname="tests.backend_test.TestCards" name="test_add_numbers_dedup_invalid" time="0.071" /><testcase classname="tests.backend_test.TestCards" name="test_add_quantity" time="0.064" /><testcase classname="tests.backend_test.TestSales" name="test_idempotency" time="0.388" /><testcase classname="tests.backend_test.TestCards" name="test_edit_and_delete_card" time="0.311" /><testcase classname="tests.test_new_features.TestResetDataGuardrails" name="test_reset_wrong_credentials_401" time="0.750" /><testcase classname="tests.test_new_features.TestRegisterRequests" name="test_full_flow_approve" time="0.934" /><testcase classname="tests.test_new_features.TestResetDataGuardrails" name="test_reset_no_confirm_400" time="0.059" /><testcase classname="tests.test_new_features.TestResetDataGuardrails" name="test_reset_no_auth" time="0.124" /><testcase classname="tests.test_new_features.TestRegisterRequests" name="test_approve_duplicate_phone" time="0.501" /><testcase classname="tests.test_iteration3.TestEditReceipt" name="test_edit_receipt_amount_adjusts_balance" time="1.268" /><testcase classname="tests.test_new_features.TestRegisterRequests" name="test_reject" time="0.319" /><testcase classname="tests.test_new_features.TestRateLimit" name="test_5_failures_block_and_unblock" time="1.087" /><testcase classname="tests.test_iteration3.TestEditReceipt" name="test_edit_receipt_audit_log" time="0.690" /><testcase classname="tests.test_new_features.TestRateLimit" name="test_unblock_requires_auth" time="0.129" /><testcase classname="tests.test_iteration3.TestEditReceipt" name="test_edit_receipt_description_only" time="0.989" /><testcase classname="tests.test_new_features.TestCustomerTypeAndPwdReveal" name="test_create_pos_and_reveal" time="0.352" /><testcase classname="tests.test_new_features.TestCustomerTypeAndPwdReveal" name="test_pwd_reveal_requires_auth" time="0.064" /><testcase classname="tests.test_iteration3.TestBlockedList" name="test_requires_auth" time="0.065" /><testcase classname="tests.test_iteration3.TestBlockedList" name="test_lists_active_and_excludes_expired" time="1.135" /><testcase classname="tests.test_new_features.TestBackup" name="test_export" time="0.426" /><testcase classname="tests.test_new_features.TestBackup" name="test_restore_creates_snapshot" time="0.370" /><testcase classname="tests.test_iteration3.TestRegressionUnblock" name="test_unblock_resets_failed_and_blocked_until" time="0.713" /><testcase classname="tests.test_new_features.TestCategoriesNew" name="test_create_with_dual_pricing_and_low_stock" time="0.068" /><testcase classname="tests.test_new_features.TestPurchasesNumbered" name="test_use_numbered_creates_available_cards_no_stock_bump" time="0.680" /><testcase classname="tests.test_iteration3.TestRegressionUnblock" name="test_expired_block_allows_login" time="0.134" /><testcase classname="tests.test_new_features.TestChangePwdNotification" name="test_change_pwd_notification" time="0.416" /><testcase classname="tests.test_new_features.TestDashboardExt" name="test_dashboard_includes_pending" time="0.392" /><testcase classname="tests.test_new_features.TestRegressionIdempotency" name="test_sales_idempotency_key" time="0.351" /></testsuite></testsuites>