<?xml version="1.0" encoding="utf-8"?><testsuites name="pytest tests"><testsuite name="pytest" errors="0" failures="1" skipped="0" tests="10" time="3.959" timestamp="2026-09-05T17:52:36.005780+00:00" hostname="agent-env-f42e8a1c-4b5c-4f88-a89a-ab5f5c59bdef"><testcase classname="tests.test_iteration4.TestSalesValidations" name="test_sales_without_customer_id_returns_400" time="1.038" /><testcase classname="tests.test_iteration4.TestEditPurchase" name="test_edit_purchase_adjusts_supplier_balance" time="1.893" /><testcase classname="tests.test_iteration4.TestSalesValidations" name="test_sales_with_missing_sale_type_returns_400" time="0.430" /><testcase classname="tests.test_iteration4.TestSalesValidations" name="test_sales_with_invalid_sale_type_returns_400" time="0.196" /><testcase classname="tests.test_iteration4.TestSalesValidations" name="test_sales_cash_valid_still_creates" time="0.404" /><testcase classname="tests.test_iteration4.TestEditPurchase" name="test_edit_purchase_with_discount" time="0.576" /><testcase classname="tests.test_iteration4.TestPublicLoginNonExistentRateLimit" name="test_five_wrong_attempts_on_nonexistent_phone_returns_429_on_sixth" time="0.493" /><testcase classname="tests.test_iteration4.TestEditPurchase" name="test_edit_cancelled_purchase_returns_400" time="0.420" /><testcase classname="tests.test_iteration4.TestPublicLoginNonExistentRateLimit" name="test_valid_phone_still_returns_401_and_increments" time="0.338" /><testcase classname="tests.test_iteration4.TestEditPurchase" name="test_edit_purchase_without_edit_ops_returns_403" time="0.370"><failure message="AssertionError: {&quot;detail&quot;:[{&quot;type&quot;:&quot;missing&quot;,&quot;loc&quot;:[&quot;body&quot;,&quot;name&quot;],&quot;msg&quot;:&quot;Field required&quot;,&quot;input&quot;:{&quot;username&quot;:&quot;TEST_IT4_U_fb75d&quot;,&quot;password&quot;:&quot;pw12345&quot;,&quot;role&quot;:&quot;employee&quot;,&quot;permissions&quot;:[&quot;sales&quot;,&quot;purchases&quot;]},&quot;url&quot;:&quot;https://errors.pydantic.dev/2.13/v/missing&quot;}]}&#10;assert 422 == 200&#10; +  where 422 = &lt;Response [422]&gt;.status_code">backend/tests/test_iteration4.py:286: in test_edit_purchase_without_edit_ops_returns_403
    assert cu.status_code == 200, cu.text
E   AssertionError: {"detail":[{"type":"missing","loc":["body","name"],"msg":"Field required","input":{"username":"TEST_IT4_U_fb75d","password":"pw12345","role":"employee","permissions":["sales","purchases"]},"url":"https://errors.pydantic.dev/2.13/v/missing"}]}
E   assert 422 == 200
E    +  where 422 = &lt;Response [422]&gt;.status_code</failure></testcase></testsuite></testsuites>