<?xml version="1.0" encoding="utf-8"?><testsuites name="pytest tests"><testsuite name="pytest" errors="0" failures="0" skipped="0" tests="17" time="4.904" timestamp="2026-09-05T14:52:56.691142+00:00" hostname="agent-env-f42e8a1c-4b5c-4f88-a89a-ab5f5c59bdef"><testcase classname="tests.test_new_features.TestResetDataGuardrails" name="test_reset_wrong_credentials_401" time="1.223" /><testcase classname="tests.test_new_features.TestRegisterRequests" name="test_full_flow_approve" time="1.567" /><testcase classname="tests.test_new_features.TestResetDataGuardrails" name="test_reset_no_confirm_400" time="0.189" /><testcase classname="tests.test_new_features.TestResetDataGuardrails" name="test_reset_no_auth" time="0.078" /><testcase classname="tests.test_new_features.TestRateLimit" name="test_5_failures_block_and_unblock" time="1.094" /><testcase classname="tests.test_new_features.TestRegisterRequests" name="test_approve_duplicate_phone" time="0.386" /><testcase classname="tests.test_new_features.TestRegisterRequests" name="test_reject" time="0.482" /><testcase classname="tests.test_new_features.TestBackup" name="test_export" time="0.115" /><testcase classname="tests.test_new_features.TestBackup" name="test_restore_creates_snapshot" time="0.311" /><testcase classname="tests.test_new_features.TestRateLimit" name="test_unblock_requires_auth" time="0.115" /><testcase classname="tests.test_new_features.TestCustomerTypeAndPwdReveal" name="test_create_pos_and_reveal" time="0.332" /><testcase classname="tests.test_new_features.TestCategoriesNew" name="test_create_with_dual_pricing_and_low_stock" time="0.102" /><testcase classname="tests.test_new_features.TestPurchasesNumbered" name="test_use_numbered_creates_available_cards_no_stock_bump" time="0.600" /><testcase classname="tests.test_new_features.TestCustomerTypeAndPwdReveal" name="test_pwd_reveal_requires_auth" time="0.196" /><testcase classname="tests.test_new_features.TestDashboardExt" name="test_dashboard_includes_pending" time="0.099" /><testcase classname="tests.test_new_features.TestChangePwdNotification" name="test_change_pwd_notification" time="0.280" /><testcase classname="tests.test_new_features.TestRegressionIdempotency" name="test_sales_idempotency_key" time="0.615" /></testsuite></testsuites>