<?xml version="1.0" encoding="utf-8"?><testsuites name="pytest tests"><testsuite name="pytest" errors="0" failures="0" skipped="0" tests="29" time="5.809" timestamp="2026-09-05T13:27:19.500423+00:00" hostname="agent-env-f42e8a1c-4b5c-4f88-a89a-ab5f5c59bdef"><testcase classname="tests.backend_test.TestPublic" name="test_public_login_not_found_logs" time="1.274" /><testcase classname="tests.backend_test.TestOther" name="test_stock" time="0.894" /><testcase classname="tests.backend_test.TestOther" name="test_suppliers_crud" time="0.765" /><testcase classname="tests.backend_test.TestPublic" name="test_public_order_over_limit_logs" time="0.986" /><testcase classname="tests.backend_test.TestOther" name="test_receipt_updates_ledger" time="0.528" /><testcase classname="tests.backend_test.TestOther" name="test_audit" time="0.067" /><testcase classname="tests.backend_test.TestOther" name="test_reports_electronic_sales" time="0.086" /><testcase classname="tests.backend_test.TestPublic" name="test_public_order_success" time="0.808" /><testcase classname="tests.backend_test.TestOther" name="test_reports_card_order_log" time="0.089" /><testcase classname="tests.backend_test.TestAuth" name="test_login_success" time="0.319" /><testcase classname="tests.backend_test.TestAuth" name="test_login_bad_password" time="0.311" /><testcase classname="tests.backend_test.TestAuth" name="test_me" time="0.161" /><testcase classname="tests.backend_test.TestPublic" name="test_register_request" time="0.072" /><testcase classname="tests.backend_test.TestAuth" name="test_me_no_token" time="0.114" /><testcase classname="tests.backend_test.TestPublic" name="test_forgot_password" time="0.243" /><testcase classname="tests.backend_test.TestCustomers" name="test_create_and_list" time="0.091" /><testcase classname="tests.backend_test.TestPublic" name="test_forgot_password_missing" time="0.187" /><testcase classname="tests.backend_test.TestCustomers" name="test_admin_reset_customer_password" time="0.278" /><testcase classname="tests.backend_test.TestPublic" name="test_change_password_flow" time="0.400" /><testcase classname="tests.backend_test.TestCustomers" name="test_admin_reset_short_pwd" time="0.084" /><testcase classname="tests.backend_test.TestCards" name="test_add_numbers_dedup_invalid" time="0.265" /><testcase classname="tests.backend_test.TestCategories" name="test_list" time="0.078" /><testcase classname="tests.backend_test.TestCategories" name="test_update" time="0.076" /><testcase classname="tests.backend_test.TestCards" name="test_add_quantity" time="0.077" /><testcase classname="tests.backend_test.TestCategories" name="test_delete_unused" time="0.171" /><testcase classname="tests.backend_test.TestCards" name="test_edit_and_delete_card" time="0.392" /><testcase classname="tests.backend_test.TestSales" name="test_sale_with_numbered_and_balance" time="0.327" /><testcase classname="tests.backend_test.TestSales" name="test_credit_limit_rejection" time="0.256" /><testcase classname="tests.backend_test.TestSales" name="test_idempotency" time="0.293" /></testsuite></testsuites>