<?xml version="1.0" encoding="utf-8"?><testsuites name="pytest tests"><testsuite name="pytest" errors="0" failures="0" skipped="0" tests="5" time="1.186" timestamp="2026-09-06T20:44:12.176865+00:00" hostname="agent-env-f42e8a1c-4b5c-4f88-a89a-ab5f5c59bdef"><testcase classname="tests.test_register_request" name="test_register_request_success" time="0.490" /><testcase classname="tests.test_register_request" name="test_register_request_short_phone" time="0.059" /><testcase classname="tests.test_register_request" name="test_register_request_short_name" time="0.105" /><testcase classname="tests.test_register_request" name="test_register_request_existing_phone" time="0.056" /><testcase classname="tests.test_register_request" name="test_old_path_returns_404" time="0.064" /></testsuite></testsuites>